{"/Users/alexandr_prokopovich/Library/Mobile Documents/com~apple~CloudDocs/Documents/git/React/RS_School_React/src/App.tsx": {"path":"/Users/alexandr_prokopovich/Library/Mobile Documents/com~apple~CloudDocs/Documents/git/React/RS_School_React/src/App.tsx","statementMap":{"0":{"start":{"line":2,"column":0},"end":{"line":2,"column":74}},"1":{"start":{"line":3,"column":0},"end":{"line":3,"column":19}},"2":{"start":{"line":4,"column":0},"end":{"line":4,"column":47}},"3":{"start":{"line":5,"column":0},"end":{"line":5,"column":55}},"4":{"start":{"line":6,"column":0},"end":{"line":6,"column":61}},"5":{"start":{"line":7,"column":0},"end":{"line":7,"column":50}},"6":{"start":{"line":8,"column":0},"end":{"line":8,"column":43}},"7":{"start":{"line":9,"column":0},"end":{"line":9,"column":45}},"8":{"start":{"line":10,"column":0},"end":{"line":10,"column":45}},"9":{"start":{"line":12,"column":12},"end":{"line":50,"column":1}},"10":{"start":{"line":13,"column":38},"end":{"line":13,"column":65}},"11":{"start":{"line":15,"column":23},"end":{"line":17,"column":3}},"12":{"start":{"line":16,"column":4},"end":{"line":16,"column":24}},"13":{"start":{"line":19,"column":21},"end":{"line":21,"column":3}},"14":{"start":{"line":20,"column":4},"end":{"line":20,"column":34}},"15":{"start":{"line":23,"column":2},"end":{"line":49,"column":4}},"16":{"start":{"line":52,"column":0},"end":{"line":52,"column":19}}},"fnMap":{"0":{"name":"(anonymous_1)","decl":{"start":{"line":12,"column":12},"end":{"line":12,"column":15}},"loc":{"start":{"line":12,"column":17},"end":{"line":50,"column":1}}},"1":{"name":"(anonymous_2)","decl":{"start":{"line":15,"column":23},"end":{"line":15,"column":24}},"loc":{"start":{"line":15,"column":40},"end":{"line":17,"column":3}}},"2":{"name":"(anonymous_3)","decl":{"start":{"line":19,"column":21},"end":{"line":19,"column":24}},"loc":{"start":{"line":19,"column":26},"end":{"line":21,"column":3}}}},"branchMap":{},"s":{"0":1,"1":1,"2":1,"3":1,"4":1,"5":1,"6":1,"7":1,"8":1,"9":1,"10":1,"11":1,"12":0,"13":1,"14":0,"15":1,"16":1},"f":{"0":1,"1":0,"2":0},"b":{}}
,"/Users/alexandr_prokopovich/Library/Mobile Documents/com~apple~CloudDocs/Documents/git/React/RS_School_React/src/main.tsx": {"path":"/Users/alexandr_prokopovich/Library/Mobile Documents/com~apple~CloudDocs/Documents/git/React/RS_School_React/src/main.tsx","statementMap":{"0":{"start":{"line":1,"column":0},"end":{"line":1,"column":26}},"1":{"start":{"line":2,"column":0},"end":{"line":2,"column":40}},"2":{"start":{"line":3,"column":0},"end":{"line":3,"column":24}},"3":{"start":{"line":4,"column":0},"end":{"line":4,"column":21}},"4":{"start":{"line":6,"column":0},"end":{"line":10,"column":2}}},"fnMap":{},"branchMap":{},"s":{"0":0,"1":0,"2":0,"3":0,"4":0},"f":{},"b":{}}
,"/Users/alexandr_prokopovich/Library/Mobile Documents/com~apple~CloudDocs/Documents/git/React/RS_School_React/src/components/Details.tsx": {"path":"/Users/alexandr_prokopovich/Library/Mobile Documents/com~apple~CloudDocs/Documents/git/React/RS_School_React/src/components/Details.tsx","statementMap":{"0":{"start":{"line":1,"column":0},"end":{"line":1,"column":51}},"1":{"start":{"line":3,"column":0},"end":{"line":3,"column":60}},"2":{"start":{"line":5,"column":26},"end":{"line":86,"column":1}},"3":{"start":{"line":6,"column":19},"end":{"line":6,"column":32}},"4":{"start":{"line":7,"column":22},"end":{"line":7,"column":58}},"5":{"start":{"line":8,"column":13},"end":{"line":8,"column":39}},"6":{"start":{"line":9,"column":26},"end":{"line":10,"column":null}},"7":{"start":{"line":12,"column":36},"end":{"line":12,"column":51}},"8":{"start":{"line":13,"column":28},"end":{"line":13,"column":57}},"9":{"start":{"line":14,"column":19},"end":{"line":14,"column":32}},"10":{"start":{"line":16,"column":2},"end":{"line":42,"column":11}},"11":{"start":{"line":17,"column":4},"end":{"line":41,"column":5}},"12":{"start":{"line":18,"column":24},"end":{"line":38,"column":7}},"13":{"start":{"line":19,"column":8},"end":{"line":19,"column":51}},"14":{"start":{"line":20,"column":8},"end":{"line":20,"column":27}},"15":{"start":{"line":21,"column":8},"end":{"line":21,"column":23}},"16":{"start":{"line":22,"column":8},"end":{"line":37,"column":9}},"17":{"start":{"line":23,"column":27},"end":{"line":24,"column":null}},"18":{"start":{"line":26,"column":10},"end":{"line":28,"column":11}},"19":{"start":{"line":27,"column":12},"end":{"line":27,"column":59}},"20":{"start":{"line":30,"column":12},"end":{"line":30,"column":33}},"21":{"start":{"line":31,"column":10},"end":{"line":31,"column":47}},"22":{"start":{"line":32,"column":10},"end":{"line":32,"column":26}},"23":{"start":{"line":34,"column":10},"end":{"line":34,"column":45}},"24":{"start":{"line":36,"column":10},"end":{"line":36,"column":30}},"25":{"start":{"line":40,"column":6},"end":{"line":40,"column":18}},"26":{"start":{"line":44,"column":2},"end":{"line":46,"column":3}},"27":{"start":{"line":45,"column":4},"end":{"line":45,"column":33}},"28":{"start":{"line":47,"column":2},"end":{"line":49,"column":3}},"29":{"start":{"line":48,"column":4},"end":{"line":48,"column":37}},"30":{"start":{"line":50,"column":2},"end":{"line":52,"column":3}},"31":{"start":{"line":51,"column":4},"end":{"line":51,"column":43}},"32":{"start":{"line":54,"column":33},"end":{"line":54,"column":37}},"33":{"start":{"line":56,"column":22},"end":{"line":59,"column":3}},"34":{"start":{"line":57,"column":4},"end":{"line":57,"column":34}},"35":{"start":{"line":58,"column":4},"end":{"line":58,"column":44}},"36":{"start":{"line":61,"column":2},"end":{"line":85,"column":4}},"37":{"start":{"line":76,"column":14},"end":{"line":76,"column":null}},"38":{"start":{"line":88,"column":0},"end":{"line":88,"column":23}}},"fnMap":{"0":{"name":"(anonymous_0)","decl":{"start":{"line":5,"column":26},"end":{"line":5,"column":29}},"loc":{"start":{"line":5,"column":31},"end":{"line":86,"column":1}}},"1":{"name":"(anonymous_1)","decl":{"start":{"line":16,"column":12},"end":{"line":16,"column":15}},"loc":{"start":{"line":16,"column":17},"end":{"line":42,"column":3}}},"2":{"name":"(anonymous_2)","decl":{"start":{"line":18,"column":24},"end":{"line":18,"column":29}},"loc":{"start":{"line":18,"column":35},"end":{"line":38,"column":7}}},"3":{"name":"(anonymous_3)","decl":{"start":{"line":56,"column":22},"end":{"line":56,"column":25}},"loc":{"start":{"line":56,"column":27},"end":{"line":59,"column":3}}},"4":{"name":"(anonymous_4)","decl":{"start":{"line":75,"column":56},"end":{"line":75,"column":57}},"loc":{"start":{"line":76,"column":14},"end":{"line":76,"column":null}}}},"branchMap":{"0":{"loc":{"start":{"line":17,"column":4},"end":{"line":41,"column":5}},"type":"if","locations":[{"start":{"line":17,"column":4},"end":{"line":41,"column":5}}]},"1":{"loc":{"start":{"line":26,"column":10},"end":{"line":28,"column":11}},"type":"if","locations":[{"start":{"line":26,"column":10},"end":{"line":28,"column":11}}]},"2":{"loc":{"start":{"line":44,"column":2},"end":{"line":46,"column":3}},"type":"if","locations":[{"start":{"line":44,"column":2},"end":{"line":46,"column":3}}]},"3":{"loc":{"start":{"line":47,"column":2},"end":{"line":49,"column":3}},"type":"if","locations":[{"start":{"line":47,"column":2},"end":{"line":49,"column":3}}]},"4":{"loc":{"start":{"line":50,"column":2},"end":{"line":52,"column":3}},"type":"if","locations":[{"start":{"line":50,"column":2},"end":{"line":52,"column":3}}]},"5":{"loc":{"start":{"line":50,"column":6},"end":{"line":50,"column":39}},"type":"binary-expr","locations":[{"start":{"line":50,"column":6},"end":{"line":50,"column":11}},{"start":{"line":50,"column":15},"end":{"line":50,"column":39}}]},"6":{"loc":{"start":{"line":65,"column":7},"end":{"line":69,"column":null}},"type":"binary-expr","locations":[{"start":{"line":65,"column":7},"end":{"line":65,"column":34}},{"start":{"line":66,"column":8},"end":{"line":68,"column":null}}]},"7":{"loc":{"start":{"line":71,"column":7},"end":{"line":81,"column":null}},"type":"binary-expr","locations":[{"start":{"line":71,"column":7},"end":{"line":71,"column":45}},{"start":{"line":72,"column":8},"end":{"line":80,"column":null}}]}},"s":{"0":1,"1":1,"2":1,"3":0,"4":0,"5":0,"6":0,"7":0,"8":0,"9":0,"10":0,"11":0,"12":0,"13":0,"14":0,"15":0,"16":0,"17":0,"18":0,"19":0,"20":0,"21":0,"22":0,"23":0,"24":0,"25":0,"26":0,"27":0,"28":0,"29":0,"30":0,"31":0,"32":0,"33":0,"34":0,"35":0,"36":0,"37":0,"38":1},"f":{"0":0,"1":0,"2":0,"3":0,"4":0},"b":{"0":[0],"1":[0],"2":[0],"3":[0],"4":[0],"5":[0,0],"6":[0,0],"7":[0,0]}}
,"/Users/alexandr_prokopovich/Library/Mobile Documents/com~apple~CloudDocs/Documents/git/React/RS_School_React/src/components/ErrorBoundary.tsx": {"path":"/Users/alexandr_prokopovich/Library/Mobile Documents/com~apple~CloudDocs/Documents/git/React/RS_School_React/src/components/ErrorBoundary.tsx","statementMap":{"0":{"start":{"line":1,"column":0},"end":{"line":1,"column":63}},"1":{"start":{"line":15,"column":4},"end":{"line":15,"column":17}},"2":{"start":{"line":16,"column":4},"end":{"line":16,"column":67}},"3":{"start":{"line":20,"column":4},"end":{"line":20,"column":54}},"4":{"start":{"line":24,"column":4},"end":{"line":24,"column":40}},"5":{"start":{"line":25,"column":4},"end":{"line":25,"column":69}},"6":{"start":{"line":29,"column":4},"end":{"line":43,"column":5}},"7":{"start":{"line":30,"column":6},"end":{"line":42,"column":8}},"8":{"start":{"line":45,"column":4},"end":{"line":45,"column":31}},"9":{"start":{"line":49,"column":0},"end":{"line":49,"column":29}}},"fnMap":{"0":{"name":"(anonymous_0)","decl":{"start":{"line":14,"column":2},"end":{"line":14,"column":14}},"loc":{"start":{"line":14,"column":39},"end":{"line":17,"column":3}}},"1":{"name":"(anonymous_1)","decl":{"start":{"line":19,"column":2},"end":{"line":19,"column":8}},"loc":{"start":{"line":19,"column":46},"end":{"line":21,"column":3}}},"2":{"name":"(anonymous_2)","decl":{"start":{"line":23,"column":2},"end":{"line":23,"column":19}},"loc":{"start":{"line":23,"column":54},"end":{"line":26,"column":3}}},"3":{"name":"(anonymous_3)","decl":{"start":{"line":28,"column":2},"end":{"line":28,"column":8}},"loc":{"start":{"line":28,"column":8},"end":{"line":46,"column":3}}}},"branchMap":{"0":{"loc":{"start":{"line":29,"column":4},"end":{"line":43,"column":5}},"type":"if","locations":[{"start":{"line":29,"column":4},"end":{"line":43,"column":5}}]},"1":{"loc":{"start":{"line":37,"column":13},"end":{"line":37,"column":60}},"type":"binary-expr","locations":[{"start":{"line":37,"column":13},"end":{"line":37,"column":29}},{"start":{"line":37,"column":33},"end":{"line":37,"column":60}}]}},"s":{"0":1,"1":1,"2":1,"3":0,"4":0,"5":0,"6":1,"7":0,"8":1,"9":1},"f":{"0":1,"1":0,"2":0,"3":1},"b":{"0":[0],"1":[0,0]}}
,"/Users/alexandr_prokopovich/Library/Mobile Documents/com~apple~CloudDocs/Documents/git/React/RS_School_React/src/components/MainPage.tsx": {"path":"/Users/alexandr_prokopovich/Library/Mobile Documents/com~apple~CloudDocs/Documents/git/React/RS_School_React/src/components/MainPage.tsx","statementMap":{"0":{"start":{"line":2,"column":0},"end":{"line":2,"column":47}},"1":{"start":{"line":3,"column":0},"end":{"line":3,"column":38}},"2":{"start":{"line":4,"column":0},"end":{"line":4,"column":32}},"3":{"start":{"line":10,"column":42},"end":{"line":38,"column":1}},"4":{"start":{"line":11,"column":19},"end":{"line":11,"column":32}},"5":{"start":{"line":12,"column":22},"end":{"line":12,"column":58}},"6":{"start":{"line":13,"column":20},"end":{"line":13,"column":46}},"7":{"start":{"line":15,"column":33},"end":{"line":18,"column":3}},"8":{"start":{"line":16,"column":4},"end":{"line":16,"column":34}},"9":{"start":{"line":17,"column":4},"end":{"line":17,"column":73}},"10":{"start":{"line":20,"column":2},"end":{"line":37,"column":4}},"11":{"start":{"line":40,"column":0},"end":{"line":40,"column":24}}},"fnMap":{"0":{"name":"(anonymous_1)","decl":{"start":{"line":10,"column":42},"end":{"line":10,"column":43}},"loc":{"start":{"line":10,"column":61},"end":{"line":38,"column":1}}},"1":{"name":"(anonymous_2)","decl":{"start":{"line":15,"column":33},"end":{"line":15,"column":36}},"loc":{"start":{"line":15,"column":38},"end":{"line":18,"column":3}}}},"branchMap":{"0":{"loc":{"start":{"line":23,"column":24},"end":{"line":23,"column":50}},"type":"cond-expr","locations":[{"start":{"line":23,"column":36},"end":{"line":23,"column":41}},{"start":{"line":23,"column":44},"end":{"line":23,"column":50}}]},"1":{"loc":{"start":{"line":28,"column":7},"end":{"line":34,"column":null}},"type":"binary-expr","locations":[{"start":{"line":28,"column":7},"end":{"line":28,"column":16}},{"start":{"line":29,"column":8},"end":{"line":33,"column":null}}]}},"s":{"0":1,"1":1,"2":1,"3":1,"4":1,"5":1,"6":1,"7":1,"8":0,"9":0,"10":1,"11":1},"f":{"0":1,"1":0},"b":{"0":[0,1],"1":[1,0]}}
,"/Users/alexandr_prokopovich/Library/Mobile Documents/com~apple~CloudDocs/Documents/git/React/RS_School_React/src/components/NotFound.tsx": {"path":"/Users/alexandr_prokopovich/Library/Mobile Documents/com~apple~CloudDocs/Documents/git/React/RS_School_React/src/components/NotFound.tsx","statementMap":{"0":{"start":{"line":3,"column":27},"end":{"line":10,"column":1}},"1":{"start":{"line":4,"column":2},"end":{"line":9,"column":4}},"2":{"start":{"line":12,"column":0},"end":{"line":12,"column":24}}},"fnMap":{"0":{"name":"(anonymous_0)","decl":{"start":{"line":3,"column":27},"end":{"line":3,"column":30}},"loc":{"start":{"line":3,"column":32},"end":{"line":10,"column":1}}}},"branchMap":{},"s":{"0":1,"1":0,"2":1},"f":{"0":0},"b":{}}
,"/Users/alexandr_prokopovich/Library/Mobile Documents/com~apple~CloudDocs/Documents/git/React/RS_School_React/src/components/Pagination.tsx": {"path":"/Users/alexandr_prokopovich/Library/Mobile Documents/com~apple~CloudDocs/Documents/git/React/RS_School_React/src/components/Pagination.tsx","statementMap":{"0":{"start":{"line":2,"column":0},"end":{"line":2,"column":26}},"1":{"start":{"line":10,"column":46},"end":{"line":63,"column":1}},"2":{"start":{"line":15,"column":27},"end":{"line":17,"column":3}},"3":{"start":{"line":16,"column":4},"end":{"line":16,"column":23}},"4":{"start":{"line":19,"column":25},"end":{"line":36,"column":3}},"5":{"start":{"line":20,"column":24},"end":{"line":20,"column":26}},"6":{"start":{"line":21,"column":20},"end":{"line":21,"column":48}},"7":{"start":{"line":22,"column":18},"end":{"line":22,"column":55}},"8":{"start":{"line":24,"column":4},"end":{"line":26,"column":5}},"9":{"start":{"line":25,"column":6},"end":{"line":25,"column":40}},"10":{"start":{"line":27,"column":4},"end":{"line":29,"column":5}},"11":{"start":{"line":28,"column":6},"end":{"line":28,"column":46}},"12":{"start":{"line":31,"column":4},"end":{"line":33,"column":5}},"13":{"start":{"line":31,"column":17},"end":{"line":31,"column":26}},"14":{"start":{"line":32,"column":6},"end":{"line":32,"column":26}},"15":{"start":{"line":35,"column":4},"end":{"line":35,"column":23}},"16":{"start":{"line":38,"column":2},"end":{"line":62,"column":4}},"17":{"start":{"line":41,"column":23},"end":{"line":41,"column":69}},"18":{"start":{"line":47,"column":8},"end":{"line":48,"column":null}},"19":{"start":{"line":49,"column":25},"end":{"line":49,"column":47}},"20":{"start":{"line":56,"column":23},"end":{"line":56,"column":78}},"21":{"start":{"line":65,"column":0},"end":{"line":65,"column":26}}},"fnMap":{"0":{"name":"(anonymous_0)","decl":{"start":{"line":10,"column":46},"end":{"line":10,"column":47}},"loc":{"start":{"line":14,"column":5},"end":{"line":63,"column":1}}},"1":{"name":"(anonymous_1)","decl":{"start":{"line":15,"column":27},"end":{"line":15,"column":28}},"loc":{"start":{"line":15,"column":44},"end":{"line":17,"column":3}}},"2":{"name":"(anonymous_2)","decl":{"start":{"line":19,"column":25},"end":{"line":19,"column":28}},"loc":{"start":{"line":19,"column":30},"end":{"line":36,"column":3}}},"3":{"name":"(anonymous_3)","decl":{"start":{"line":41,"column":17},"end":{"line":41,"column":20}},"loc":{"start":{"line":41,"column":23},"end":{"line":41,"column":69}}},"4":{"name":"(anonymous_4)","decl":{"start":{"line":46,"column":28},"end":{"line":46,"column":29}},"loc":{"start":{"line":47,"column":8},"end":{"line":48,"column":null}}},"5":{"name":"(anonymous_5)","decl":{"start":{"line":49,"column":19},"end":{"line":49,"column":22}},"loc":{"start":{"line":49,"column":25},"end":{"line":49,"column":47}}},"6":{"name":"(anonymous_6)","decl":{"start":{"line":56,"column":17},"end":{"line":56,"column":20}},"loc":{"start":{"line":56,"column":23},"end":{"line":56,"column":78}}}},"branchMap":{"0":{"loc":{"start":{"line":24,"column":4},"end":{"line":26,"column":5}},"type":"if","locations":[{"start":{"line":24,"column":4},"end":{"line":26,"column":5}}]},"1":{"loc":{"start":{"line":27,"column":4},"end":{"line":29,"column":5}},"type":"if","locations":[{"start":{"line":27,"column":4},"end":{"line":29,"column":5}}]},"2":{"loc":{"start":{"line":50,"column":21},"end":{"line":50,"column":57}},"type":"cond-expr","locations":[{"start":{"line":50,"column":44},"end":{"line":50,"column":52}},{"start":{"line":50,"column":55},"end":{"line":50,"column":57}}]}},"s":{"0":1,"1":1,"2":1,"3":0,"4":1,"5":1,"6":1,"7":1,"8":1,"9":1,"10":1,"11":1,"12":1,"13":1,"14":1,"15":1,"16":1,"17":0,"18":1,"19":0,"20":0,"21":1},"f":{"0":1,"1":0,"2":1,"3":0,"4":1,"5":0,"6":0},"b":{"0":[1],"1":[1],"2":[1,0]}}
,"/Users/alexandr_prokopovich/Library/Mobile Documents/com~apple~CloudDocs/Documents/git/React/RS_School_React/src/components/ResultList.tsx": {"path":"/Users/alexandr_prokopovich/Library/Mobile Documents/com~apple~CloudDocs/Documents/git/React/RS_School_React/src/components/ResultList.tsx","statementMap":{"0":{"start":{"line":1,"column":0},"end":{"line":1,"column":null}},"1":{"start":{"line":12,"column":0},"end":{"line":12,"column":26}},"2":{"start":{"line":13,"column":0},"end":{"line":13,"column":38}},"3":{"start":{"line":14,"column":0},"end":{"line":14,"column":60}},"4":{"start":{"line":20,"column":43},"end":{"line":147,"column":1}},"5":{"start":{"line":21,"column":26},"end":{"line":21,"column":66}},"6":{"start":{"line":22,"column":42},"end":{"line":23,"column":null}},"7":{"start":{"line":25,"column":36},"end":{"line":25,"column":51}},"8":{"start":{"line":26,"column":28},"end":{"line":26,"column":57}},"9":{"start":{"line":27,"column":38},"end":{"line":27,"column":49}},"10":{"start":{"line":28,"column":19},"end":{"line":28,"column":32}},"11":{"start":{"line":29,"column":19},"end":{"line":29,"column":32}},"12":{"start":{"line":31,"column":19},"end":{"line":31,"column":77}},"13":{"start":{"line":33,"column":15},"end":{"line":36,"column":23}},"14":{"start":{"line":34,"column":24},"end":{"line":34,"column":60}},"15":{"start":{"line":35,"column":4},"end":{"line":35,"column":56}},"16":{"start":{"line":38,"column":20},"end":{"line":83,"column":8}},"17":{"start":{"line":39,"column":4},"end":{"line":39,"column":23}},"18":{"start":{"line":40,"column":4},"end":{"line":40,"column":19}},"19":{"start":{"line":41,"column":4},"end":{"line":45,"column":5}},"20":{"start":{"line":42,"column":6},"end":{"line":42,"column":48}},"21":{"start":{"line":43,"column":6},"end":{"line":43,"column":26}},"22":{"start":{"line":44,"column":6},"end":{"line":44,"column":13}},"23":{"start":{"line":47,"column":46},"end":{"line":47,"column":48}},"24":{"start":{"line":48,"column":4},"end":{"line":82,"column":5}},"25":{"start":{"line":49,"column":20},"end":{"line":49,"column":66}},"26":{"start":{"line":50,"column":18},"end":{"line":50,"column":109}},"27":{"start":{"line":51,"column":23},"end":{"line":51,"column":39}},"28":{"start":{"line":52,"column":6},"end":{"line":54,"column":7}},"29":{"start":{"line":53,"column":8},"end":{"line":53,"column":55}},"30":{"start":{"line":55,"column":55},"end":{"line":55,"column":76}},"31":{"start":{"line":57,"column":6},"end":{"line":57,"column":43}},"32":{"start":{"line":59,"column":28},"end":{"line":59,"column":53}},"33":{"start":{"line":60,"column":25},"end":{"line":60,"column":55}},"34":{"start":{"line":62,"column":6},"end":{"line":71,"column":7}},"35":{"start":{"line":62,"column":19},"end":{"line":62,"column":20}},"36":{"start":{"line":63,"column":24},"end":{"line":63,"column":118}},"37":{"start":{"line":64,"column":29},"end":{"line":64,"column":49}},"38":{"start":{"line":65,"column":8},"end":{"line":67,"column":9}},"39":{"start":{"line":66,"column":10},"end":{"line":66,"column":57}},"40":{"start":{"line":69,"column":10},"end":{"line":69,"column":35}},"41":{"start":{"line":70,"column":8},"end":{"line":70,"column":65}},"42":{"start":{"line":73,"column":6},"end":{"line":73,"column":42}},"43":{"start":{"line":74,"column":6},"end":{"line":74,"column":23}},"44":{"start":{"line":75,"column":6},"end":{"line":75,"column":51}},"45":{"start":{"line":77,"column":6},"end":{"line":77,"column":27}},"46":{"start":{"line":79,"column":6},"end":{"line":79,"column":41}},"47":{"start":{"line":81,"column":6},"end":{"line":81,"column":26}},"48":{"start":{"line":85,"column":2},"end":{"line":87,"column":30}},"49":{"start":{"line":86,"column":4},"end":{"line":86,"column":26}},"50":{"start":{"line":89,"column":2},"end":{"line":94,"column":25}},"51":{"start":{"line":90,"column":21},"end":{"line":91,"column":null}},"52":{"start":{"line":91,"column":6},"end":{"line":91,"column":64}},"53":{"start":{"line":93,"column":4},"end":{"line":93,"column":30}},"54":{"start":{"line":96,"column":27},"end":{"line":102,"column":null}},"55":{"start":{"line":98,"column":26},"end":{"line":98,"column":62}},"56":{"start":{"line":99,"column":6},"end":{"line":99,"column":37}},"57":{"start":{"line":100,"column":6},"end":{"line":100,"column":46}},"58":{"start":{"line":105,"column":27},"end":{"line":111,"column":null}},"59":{"start":{"line":107,"column":26},"end":{"line":107,"column":62}},"60":{"start":{"line":108,"column":6},"end":{"line":108,"column":50}},"61":{"start":{"line":109,"column":6},"end":{"line":109,"column":46}},"62":{"start":{"line":114,"column":2},"end":{"line":146,"column":4}},"63":{"start":{"line":127,"column":18},"end":{"line":128,"column":null}},"64":{"start":{"line":130,"column":35},"end":{"line":130,"column":61}},"65":{"start":{"line":149,"column":0},"end":{"line":149,"column":26}}},"fnMap":{"0":{"name":"(anonymous_1)","decl":{"start":{"line":20,"column":43},"end":{"line":20,"column":44}},"loc":{"start":{"line":20,"column":62},"end":{"line":147,"column":1}}},"1":{"name":"(anonymous_2)","decl":{"start":{"line":33,"column":23},"end":{"line":33,"column":26}},"loc":{"start":{"line":33,"column":28},"end":{"line":36,"column":3}}},"2":{"name":"(anonymous_3)","decl":{"start":{"line":38,"column":32},"end":{"line":38,"column":37}},"loc":{"start":{"line":38,"column":55},"end":{"line":83,"column":3}}},"3":{"name":"(anonymous_4)","decl":{"start":{"line":85,"column":12},"end":{"line":85,"column":15}},"loc":{"start":{"line":85,"column":17},"end":{"line":87,"column":3}}},"4":{"name":"(anonymous_5)","decl":{"start":{"line":89,"column":12},"end":{"line":89,"column":15}},"loc":{"start":{"line":89,"column":17},"end":{"line":94,"column":3}}},"5":{"name":"(anonymous_6)","decl":{"start":{"line":90,"column":33},"end":{"line":90,"column":34}},"loc":{"start":{"line":91,"column":6},"end":{"line":91,"column":64}}},"6":{"name":"(anonymous_7)","decl":{"start":{"line":97,"column":4},"end":{"line":97,"column":5}},"loc":{"start":{"line":97,"column":19},"end":{"line":101,"column":5}}},"7":{"name":"(anonymous_8)","decl":{"start":{"line":106,"column":4},"end":{"line":106,"column":5}},"loc":{"start":{"line":106,"column":24},"end":{"line":110,"column":5}}},"8":{"name":"(anonymous_9)","decl":{"start":{"line":126,"column":21},"end":{"line":126,"column":22}},"loc":{"start":{"line":127,"column":18},"end":{"line":128,"column":null}}},"9":{"name":"(anonymous_10)","decl":{"start":{"line":130,"column":29},"end":{"line":130,"column":32}},"loc":{"start":{"line":130,"column":35},"end":{"line":130,"column":61}}}},"branchMap":{"0":{"loc":{"start":{"line":35,"column":20},"end":{"line":35,"column":50}},"type":"binary-expr","locations":[{"start":{"line":35,"column":20},"end":{"line":35,"column":43}},{"start":{"line":35,"column":47},"end":{"line":35,"column":50}}]},"1":{"loc":{"start":{"line":41,"column":4},"end":{"line":45,"column":5}},"type":"if","locations":[{"start":{"line":41,"column":4},"end":{"line":45,"column":5}}]},"2":{"loc":{"start":{"line":42,"column":14},"end":{"line":42,"column":46}},"type":"binary-expr","locations":[{"start":{"line":42,"column":14},"end":{"line":42,"column":40}},{"start":{"line":42,"column":44},"end":{"line":42,"column":46}}]},"3":{"loc":{"start":{"line":49,"column":20},"end":{"line":49,"column":66}},"type":"cond-expr","locations":[{"start":{"line":49,"column":27},"end":{"line":49,"column":61}},{"start":{"line":49,"column":64},"end":{"line":49,"column":66}}]},"4":{"loc":{"start":{"line":52,"column":6},"end":{"line":54,"column":7}},"type":"if","locations":[{"start":{"line":52,"column":6},"end":{"line":54,"column":7}}]},"5":{"loc":{"start":{"line":65,"column":8},"end":{"line":67,"column":9}},"type":"if","locations":[{"start":{"line":65,"column":8},"end":{"line":67,"column":9}}]},"6":{"loc":{"start":{"line":116,"column":7},"end":{"line":116,"column":41}},"type":"binary-expr","locations":[{"start":{"line":116,"column":7},"end":{"line":116,"column":16}},{"start":{"line":116,"column":20},"end":{"line":116,"column":41}}]},"7":{"loc":{"start":{"line":117,"column":7},"end":{"line":117,"column":41}},"type":"binary-expr","locations":[{"start":{"line":117,"column":7},"end":{"line":117,"column":12}},{"start":{"line":117,"column":16},"end":{"line":117,"column":41}}]},"8":{"loc":{"start":{"line":118,"column":7},"end":{"line":143,"column":null}},"type":"binary-expr","locations":[{"start":{"line":118,"column":7},"end":{"line":118,"column":17}},{"start":{"line":118,"column":21},"end":{"line":118,"column":27}},{"start":{"line":119,"column":8},"end":{"line":142,"column":null}}]},"9":{"loc":{"start":{"line":120,"column":11},"end":{"line":136,"column":null}},"type":"cond-expr","locations":[{"start":{"line":121,"column":12},"end":{"line":121,"column":39}},{"start":{"line":123,"column":12},"end":{"line":135,"column":null}}]}},"s":{"0":1,"1":1,"2":1,"3":1,"4":1,"5":2,"6":2,"7":2,"8":2,"9":2,"10":2,"11":2,"12":2,"13":2,"14":1,"15":1,"16":2,"17":1,"18":1,"19":1,"20":0,"21":0,"22":0,"23":1,"24":1,"25":1,"26":1,"27":1,"28":0,"29":0,"30":0,"31":0,"32":0,"33":0,"34":0,"35":0,"36":0,"37":0,"38":0,"39":0,"40":0,"41":0,"42":0,"43":0,"44":0,"45":0,"46":1,"47":1,"48":2,"49":1,"50":2,"51":1,"52":0,"53":1,"54":2,"55":0,"56":0,"57":0,"58":2,"59":0,"60":0,"61":0,"62":2,"63":0,"64":0,"65":1},"f":{"0":2,"1":1,"2":1,"3":1,"4":1,"5":0,"6":0,"7":0,"8":0,"9":0},"b":{"0":[1,1],"1":[0],"2":[0,0],"3":[0,1],"4":[0],"5":[0],"6":[2,0],"7":[2,1],"8":[2,2,1],"9":[1,0]}}
,"/Users/alexandr_prokopovich/Library/Mobile Documents/com~apple~CloudDocs/Documents/git/React/RS_School_React/src/components/SearchBar.tsx": {"path":"/Users/alexandr_prokopovich/Library/Mobile Documents/com~apple~CloudDocs/Documents/git/React/RS_School_React/src/components/SearchBar.tsx","statementMap":{"0":{"start":{"line":1,"column":0},"end":{"line":1,"column":51}},"1":{"start":{"line":2,"column":0},"end":{"line":2,"column":47}},"2":{"start":{"line":8,"column":44},"end":{"line":46,"column":1}},"3":{"start":{"line":9,"column":38},"end":{"line":9,"column":58}},"4":{"start":{"line":10,"column":19},"end":{"line":10,"column":32}},"5":{"start":{"line":12,"column":2},"end":{"line":15,"column":9}},"6":{"start":{"line":13,"column":28},"end":{"line":13,"column":68}},"7":{"start":{"line":14,"column":4},"end":{"line":14,"column":35}},"8":{"start":{"line":17,"column":28},"end":{"line":19,"column":3}},"9":{"start":{"line":18,"column":4},"end":{"line":18,"column":38}},"10":{"start":{"line":21,"column":23},"end":{"line":26,"column":3}},"11":{"start":{"line":22,"column":30},"end":{"line":22,"column":47}},"12":{"start":{"line":23,"column":4},"end":{"line":23,"column":58}},"13":{"start":{"line":24,"column":4},"end":{"line":24,"column":32}},"14":{"start":{"line":25,"column":4},"end":{"line":25,"column":57}},"15":{"start":{"line":27,"column":2},"end":{"line":45,"column":4}},"16":{"start":{"line":48,"column":0},"end":{"line":48,"column":25}}},"fnMap":{"0":{"name":"(anonymous_0)","decl":{"start":{"line":8,"column":44},"end":{"line":8,"column":45}},"loc":{"start":{"line":8,"column":61},"end":{"line":46,"column":1}}},"1":{"name":"(anonymous_1)","decl":{"start":{"line":12,"column":12},"end":{"line":12,"column":15}},"loc":{"start":{"line":12,"column":17},"end":{"line":15,"column":3}}},"2":{"name":"(anonymous_2)","decl":{"start":{"line":17,"column":28},"end":{"line":17,"column":29}},"loc":{"start":{"line":17,"column":75},"end":{"line":19,"column":3}}},"3":{"name":"(anonymous_3)","decl":{"start":{"line":21,"column":23},"end":{"line":21,"column":26}},"loc":{"start":{"line":21,"column":28},"end":{"line":26,"column":3}}}},"branchMap":{"0":{"loc":{"start":{"line":13,"column":28},"end":{"line":13,"column":68}},"type":"binary-expr","locations":[{"start":{"line":13,"column":28},"end":{"line":13,"column":62}},{"start":{"line":13,"column":66},"end":{"line":13,"column":68}}]}},"s":{"0":1,"1":1,"2":1,"3":1,"4":1,"5":1,"6":1,"7":1,"8":1,"9":0,"10":1,"11":0,"12":0,"13":0,"14":0,"15":1,"16":1},"f":{"0":1,"1":1,"2":0,"3":0},"b":{"0":[1,1]}}
,"/Users/alexandr_prokopovich/Library/Mobile Documents/com~apple~CloudDocs/Documents/git/React/RS_School_React/src/components/ThrowErrorButton.tsx": {"path":"/Users/alexandr_prokopovich/Library/Mobile Documents/com~apple~CloudDocs/Documents/git/React/RS_School_React/src/components/ThrowErrorButton.tsx","statementMap":{"0":{"start":{"line":1,"column":0},"end":{"line":1,"column":26}},"1":{"start":{"line":8,"column":2},"end":{"line":16,"column":4}},"2":{"start":{"line":9,"column":4},"end":{"line":15,"column":5}},"3":{"start":{"line":10,"column":6},"end":{"line":10,"column":30}},"4":{"start":{"line":12,"column":6},"end":{"line":14,"column":9}},"5":{"start":{"line":13,"column":8},"end":{"line":13,"column":20}},"6":{"start":{"line":19,"column":4},"end":{"line":19,"column":67}},"7":{"start":{"line":23,"column":0},"end":{"line":23,"column":32}}},"fnMap":{"0":{"name":"(anonymous_1)","decl":{"start":{"line":7,"column":0},"end":{"line":7,"column":6}},"loc":{"start":{"line":7,"column":0},"end":{"line":21,"column":1}}},"1":{"name":"(anonymous_2)","decl":{"start":{"line":8,"column":16},"end":{"line":8,"column":21}},"loc":{"start":{"line":8,"column":27},"end":{"line":16,"column":3}}},"2":{"name":"(anonymous_3)","decl":{"start":{"line":12,"column":20},"end":{"line":12,"column":23}},"loc":{"start":{"line":12,"column":25},"end":{"line":14,"column":7}}},"3":{"name":"(anonymous_4)","decl":{"start":{"line":18,"column":2},"end":{"line":18,"column":8}},"loc":{"start":{"line":18,"column":8},"end":{"line":20,"column":3}}}},"branchMap":{},"s":{"0":1,"1":1,"2":0,"3":0,"4":0,"5":0,"6":1,"7":1},"f":{"0":1,"1":0,"2":0,"3":1},"b":{}}
,"/Users/alexandr_prokopovich/Library/Mobile Documents/com~apple~CloudDocs/Documents/git/React/RS_School_React/src/hooks/useSearchTerm.ts": {"path":"/Users/alexandr_prokopovich/Library/Mobile Documents/com~apple~CloudDocs/Documents/git/React/RS_School_React/src/hooks/useSearchTerm.ts","statementMap":{"0":{"start":{"line":1,"column":0},"end":{"line":1,"column":44}},"1":{"start":{"line":3,"column":22},"end":{"line":13,"column":1}},"2":{"start":{"line":4,"column":38},"end":{"line":6,"column":4}},"3":{"start":{"line":5,"column":4},"end":{"line":5,"column":53}},"4":{"start":{"line":8,"column":2},"end":{"line":10,"column":24}},"5":{"start":{"line":9,"column":4},"end":{"line":9,"column":42}},"6":{"start":{"line":12,"column":2},"end":{"line":12,"column":46}},"7":{"start":{"line":15,"column":0},"end":{"line":15,"column":29}}},"fnMap":{"0":{"name":"(anonymous_0)","decl":{"start":{"line":3,"column":22},"end":{"line":3,"column":23}},"loc":{"start":{"line":3,"column":65},"end":{"line":13,"column":1}}},"1":{"name":"(anonymous_1)","decl":{"start":{"line":4,"column":47},"end":{"line":4,"column":50}},"loc":{"start":{"line":4,"column":52},"end":{"line":6,"column":3}}},"2":{"name":"(anonymous_2)","decl":{"start":{"line":8,"column":12},"end":{"line":8,"column":15}},"loc":{"start":{"line":8,"column":17},"end":{"line":10,"column":3}}}},"branchMap":{"0":{"loc":{"start":{"line":3,"column":36},"end":{"line":3,"column":61}},"type":"default-arg","locations":[{"start":{"line":3,"column":59},"end":{"line":3,"column":61}}]},"1":{"loc":{"start":{"line":5,"column":11},"end":{"line":5,"column":52}},"type":"binary-expr","locations":[{"start":{"line":5,"column":11},"end":{"line":5,"column":36}},{"start":{"line":5,"column":40},"end":{"line":5,"column":52}}]}},"s":{"0":1,"1":1,"2":1,"3":1,"4":1,"5":1,"6":1,"7":1},"f":{"0":1,"1":1,"2":1},"b":{"0":[1],"1":[1,1]}}
}
