{"/Users/alexandr_prokopovich/Library/Mobile Documents/com~apple~CloudDocs/Documents/git/React/RS_School_React/src/App.tsx": {"path":"/Users/alexandr_prokopovich/Library/Mobile Documents/com~apple~CloudDocs/Documents/git/React/RS_School_React/src/App.tsx","statementMap":{"0":{"start":{"line":2,"column":0},"end":{"line":2,"column":74}},"1":{"start":{"line":3,"column":0},"end":{"line":3,"column":19}},"2":{"start":{"line":4,"column":0},"end":{"line":4,"column":47}},"3":{"start":{"line":5,"column":0},"end":{"line":5,"column":55}},"4":{"start":{"line":6,"column":0},"end":{"line":6,"column":61}},"5":{"start":{"line":7,"column":0},"end":{"line":7,"column":50}},"6":{"start":{"line":8,"column":0},"end":{"line":8,"column":43}},"7":{"start":{"line":9,"column":0},"end":{"line":9,"column":45}},"8":{"start":{"line":10,"column":0},"end":{"line":10,"column":45}},"9":{"start":{"line":12,"column":12},"end":{"line":50,"column":1}},"10":{"start":{"line":13,"column":38},"end":{"line":13,"column":65}},"11":{"start":{"line":15,"column":23},"end":{"line":17,"column":3}},"12":{"start":{"line":16,"column":4},"end":{"line":16,"column":24}},"13":{"start":{"line":19,"column":21},"end":{"line":21,"column":3}},"14":{"start":{"line":20,"column":4},"end":{"line":20,"column":34}},"15":{"start":{"line":23,"column":2},"end":{"line":49,"column":4}},"16":{"start":{"line":52,"column":0},"end":{"line":52,"column":19}},"17":{"start":{"line":53,"column":0},"end":{"line":53,"column":2}}},"fnMap":{"0":{"name":"(anonymous_1)","decl":{"start":{"line":12,"column":12},"end":{"line":12,"column":15}},"loc":{"start":{"line":12,"column":17},"end":{"line":50,"column":1}}},"1":{"name":"(anonymous_2)","decl":{"start":{"line":15,"column":23},"end":{"line":15,"column":24}},"loc":{"start":{"line":15,"column":40},"end":{"line":17,"column":3}}},"2":{"name":"(anonymous_3)","decl":{"start":{"line":19,"column":21},"end":{"line":19,"column":24}},"loc":{"start":{"line":19,"column":26},"end":{"line":21,"column":3}}}},"branchMap":{},"s":{"0":1,"1":1,"2":1,"3":1,"4":1,"5":1,"6":1,"7":1,"8":1,"9":1,"10":2,"11":1,"12":0,"13":1,"14":0,"15":1,"16":1,"17":1},"f":{"0":2,"1":0,"2":0},"b":{}}
,"/Users/alexandr_prokopovich/Library/Mobile Documents/com~apple~CloudDocs/Documents/git/React/RS_School_React/src/main.tsx": {"path":"/Users/alexandr_prokopovich/Library/Mobile Documents/com~apple~CloudDocs/Documents/git/React/RS_School_React/src/main.tsx","statementMap":{"0":{"start":{"line":1,"column":0},"end":{"line":1,"column":26}},"1":{"start":{"line":2,"column":0},"end":{"line":2,"column":40}},"2":{"start":{"line":3,"column":0},"end":{"line":3,"column":24}},"3":{"start":{"line":4,"column":0},"end":{"line":4,"column":21}},"4":{"start":{"line":6,"column":0},"end":{"line":10,"column":2}}},"fnMap":{},"branchMap":{},"s":{"0":0,"1":0,"2":0,"3":0,"4":0},"f":{},"b":{}}
,"/Users/alexandr_prokopovich/Library/Mobile Documents/com~apple~CloudDocs/Documents/git/React/RS_School_React/src/components/Details.tsx": {"path":"/Users/alexandr_prokopovich/Library/Mobile Documents/com~apple~CloudDocs/Documents/git/React/RS_School_React/src/components/Details.tsx","statementMap":{"0":{"start":{"line":1,"column":0},"end":{"line":1,"column":51}},"1":{"start":{"line":3,"column":0},"end":{"line":3,"column":60}},"2":{"start":{"line":5,"column":26},"end":{"line":87,"column":1}},"3":{"start":{"line":6,"column":19},"end":{"line":6,"column":32}},"4":{"start":{"line":7,"column":22},"end":{"line":7,"column":58}},"5":{"start":{"line":8,"column":13},"end":{"line":8,"column":39}},"6":{"start":{"line":9,"column":26},"end":{"line":10,"column":null}},"7":{"start":{"line":12,"column":36},"end":{"line":12,"column":51}},"8":{"start":{"line":13,"column":28},"end":{"line":13,"column":57}},"9":{"start":{"line":14,"column":19},"end":{"line":14,"column":32}},"10":{"start":{"line":16,"column":2},"end":{"line":43,"column":11}},"11":{"start":{"line":17,"column":4},"end":{"line":42,"column":5}},"12":{"start":{"line":18,"column":24},"end":{"line":39,"column":7}},"13":{"start":{"line":19,"column":8},"end":{"line":19,"column":51}},"14":{"start":{"line":20,"column":8},"end":{"line":20,"column":27}},"15":{"start":{"line":21,"column":8},"end":{"line":21,"column":23}},"16":{"start":{"line":22,"column":8},"end":{"line":38,"column":9}},"17":{"start":{"line":23,"column":10},"end":{"line":23,"column":67}},"18":{"start":{"line":23,"column":41},"end":{"line":23,"column":65}},"19":{"start":{"line":24,"column":27},"end":{"line":25,"column":null}},"20":{"start":{"line":27,"column":10},"end":{"line":29,"column":11}},"21":{"start":{"line":28,"column":12},"end":{"line":28,"column":59}},"22":{"start":{"line":31,"column":12},"end":{"line":31,"column":33}},"23":{"start":{"line":32,"column":10},"end":{"line":32,"column":47}},"24":{"start":{"line":33,"column":10},"end":{"line":33,"column":26}},"25":{"start":{"line":35,"column":10},"end":{"line":35,"column":45}},"26":{"start":{"line":37,"column":10},"end":{"line":37,"column":30}},"27":{"start":{"line":41,"column":6},"end":{"line":41,"column":18}},"28":{"start":{"line":45,"column":2},"end":{"line":47,"column":3}},"29":{"start":{"line":46,"column":4},"end":{"line":46,"column":33}},"30":{"start":{"line":48,"column":2},"end":{"line":50,"column":3}},"31":{"start":{"line":49,"column":4},"end":{"line":49,"column":37}},"32":{"start":{"line":51,"column":2},"end":{"line":53,"column":3}},"33":{"start":{"line":52,"column":4},"end":{"line":52,"column":43}},"34":{"start":{"line":55,"column":33},"end":{"line":55,"column":37}},"35":{"start":{"line":57,"column":22},"end":{"line":60,"column":3}},"36":{"start":{"line":58,"column":4},"end":{"line":58,"column":34}},"37":{"start":{"line":59,"column":4},"end":{"line":59,"column":44}},"38":{"start":{"line":62,"column":2},"end":{"line":86,"column":4}},"39":{"start":{"line":77,"column":14},"end":{"line":77,"column":null}},"40":{"start":{"line":89,"column":0},"end":{"line":89,"column":23}}},"fnMap":{"0":{"name":"(anonymous_0)","decl":{"start":{"line":5,"column":26},"end":{"line":5,"column":29}},"loc":{"start":{"line":5,"column":31},"end":{"line":87,"column":1}}},"1":{"name":"(anonymous_1)","decl":{"start":{"line":16,"column":12},"end":{"line":16,"column":15}},"loc":{"start":{"line":16,"column":17},"end":{"line":43,"column":3}}},"2":{"name":"(anonymous_2)","decl":{"start":{"line":18,"column":24},"end":{"line":18,"column":29}},"loc":{"start":{"line":18,"column":35},"end":{"line":39,"column":7}}},"3":{"name":"(anonymous_3)","decl":{"start":{"line":23,"column":28},"end":{"line":23,"column":29}},"loc":{"start":{"line":23,"column":41},"end":{"line":23,"column":65}}},"4":{"name":"(anonymous_4)","decl":{"start":{"line":57,"column":22},"end":{"line":57,"column":25}},"loc":{"start":{"line":57,"column":27},"end":{"line":60,"column":3}}},"5":{"name":"(anonymous_5)","decl":{"start":{"line":76,"column":56},"end":{"line":76,"column":57}},"loc":{"start":{"line":77,"column":14},"end":{"line":77,"column":null}}}},"branchMap":{"0":{"loc":{"start":{"line":17,"column":4},"end":{"line":42,"column":5}},"type":"if","locations":[{"start":{"line":17,"column":4},"end":{"line":42,"column":5}}]},"1":{"loc":{"start":{"line":27,"column":10},"end":{"line":29,"column":11}},"type":"if","locations":[{"start":{"line":27,"column":10},"end":{"line":29,"column":11}}]},"2":{"loc":{"start":{"line":45,"column":2},"end":{"line":47,"column":3}},"type":"if","locations":[{"start":{"line":45,"column":2},"end":{"line":47,"column":3}}]},"3":{"loc":{"start":{"line":48,"column":2},"end":{"line":50,"column":3}},"type":"if","locations":[{"start":{"line":48,"column":2},"end":{"line":50,"column":3}}]},"4":{"loc":{"start":{"line":51,"column":2},"end":{"line":53,"column":3}},"type":"if","locations":[{"start":{"line":51,"column":2},"end":{"line":53,"column":3}}]},"5":{"loc":{"start":{"line":51,"column":6},"end":{"line":51,"column":39}},"type":"binary-expr","locations":[{"start":{"line":51,"column":6},"end":{"line":51,"column":11}},{"start":{"line":51,"column":15},"end":{"line":51,"column":39}}]},"6":{"loc":{"start":{"line":66,"column":7},"end":{"line":70,"column":null}},"type":"binary-expr","locations":[{"start":{"line":66,"column":7},"end":{"line":66,"column":34}},{"start":{"line":67,"column":8},"end":{"line":69,"column":null}}]},"7":{"loc":{"start":{"line":72,"column":7},"end":{"line":82,"column":null}},"type":"binary-expr","locations":[{"start":{"line":72,"column":7},"end":{"line":72,"column":45}},{"start":{"line":73,"column":8},"end":{"line":81,"column":null}}]}},"s":{"0":2,"1":2,"2":2,"3":8,"4":8,"5":8,"6":8,"7":8,"8":8,"9":8,"10":8,"11":3,"12":3,"13":3,"14":3,"15":3,"16":3,"17":3,"18":3,"19":3,"20":3,"21":0,"22":3,"23":3,"24":3,"25":0,"26":3,"27":3,"28":8,"29":3,"30":5,"31":0,"32":5,"33":3,"34":2,"35":2,"36":1,"37":1,"38":2,"39":0,"40":2},"f":{"0":8,"1":3,"2":3,"3":3,"4":1,"5":0},"b":{"0":[3],"1":[0],"2":[3],"3":[0],"4":[3],"5":[5,2],"6":[2,2],"7":[2,2]}}
,"/Users/alexandr_prokopovich/Library/Mobile Documents/com~apple~CloudDocs/Documents/git/React/RS_School_React/src/components/ErrorBoundary.tsx": {"path":"/Users/alexandr_prokopovich/Library/Mobile Documents/com~apple~CloudDocs/Documents/git/React/RS_School_React/src/components/ErrorBoundary.tsx","statementMap":{"0":{"start":{"line":1,"column":0},"end":{"line":1,"column":63}},"1":{"start":{"line":15,"column":4},"end":{"line":15,"column":17}},"2":{"start":{"line":16,"column":4},"end":{"line":16,"column":67}},"3":{"start":{"line":20,"column":4},"end":{"line":20,"column":54}},"4":{"start":{"line":24,"column":4},"end":{"line":24,"column":40}},"5":{"start":{"line":25,"column":4},"end":{"line":25,"column":69}},"6":{"start":{"line":29,"column":4},"end":{"line":43,"column":5}},"7":{"start":{"line":30,"column":6},"end":{"line":42,"column":8}},"8":{"start":{"line":45,"column":4},"end":{"line":45,"column":31}},"9":{"start":{"line":49,"column":0},"end":{"line":49,"column":29}}},"fnMap":{"0":{"name":"(anonymous_0)","decl":{"start":{"line":14,"column":2},"end":{"line":14,"column":14}},"loc":{"start":{"line":14,"column":39},"end":{"line":17,"column":3}}},"1":{"name":"(anonymous_1)","decl":{"start":{"line":19,"column":2},"end":{"line":19,"column":8}},"loc":{"start":{"line":19,"column":46},"end":{"line":21,"column":3}}},"2":{"name":"(anonymous_2)","decl":{"start":{"line":23,"column":2},"end":{"line":23,"column":19}},"loc":{"start":{"line":23,"column":54},"end":{"line":26,"column":3}}},"3":{"name":"(anonymous_3)","decl":{"start":{"line":28,"column":2},"end":{"line":28,"column":8}},"loc":{"start":{"line":28,"column":8},"end":{"line":46,"column":3}}}},"branchMap":{"0":{"loc":{"start":{"line":29,"column":4},"end":{"line":43,"column":5}},"type":"if","locations":[{"start":{"line":29,"column":4},"end":{"line":43,"column":5}}]},"1":{"loc":{"start":{"line":37,"column":13},"end":{"line":37,"column":60}},"type":"binary-expr","locations":[{"start":{"line":37,"column":13},"end":{"line":37,"column":29}},{"start":{"line":37,"column":33},"end":{"line":37,"column":60}}]}},"s":{"0":1,"1":2,"2":1,"3":0,"4":0,"5":0,"6":1,"7":0,"8":1,"9":1},"f":{"0":2,"1":0,"2":0,"3":1},"b":{"0":[0],"1":[0,0]}}
,"/Users/alexandr_prokopovich/Library/Mobile Documents/com~apple~CloudDocs/Documents/git/React/RS_School_React/src/components/MainPage.tsx": {"path":"/Users/alexandr_prokopovich/Library/Mobile Documents/com~apple~CloudDocs/Documents/git/React/RS_School_React/src/components/MainPage.tsx","statementMap":{"0":{"start":{"line":2,"column":0},"end":{"line":2,"column":47}},"1":{"start":{"line":3,"column":0},"end":{"line":3,"column":38}},"2":{"start":{"line":4,"column":0},"end":{"line":4,"column":32}},"3":{"start":{"line":10,"column":42},"end":{"line":38,"column":1}},"4":{"start":{"line":11,"column":19},"end":{"line":11,"column":32}},"5":{"start":{"line":12,"column":22},"end":{"line":12,"column":58}},"6":{"start":{"line":13,"column":20},"end":{"line":13,"column":46}},"7":{"start":{"line":15,"column":33},"end":{"line":18,"column":3}},"8":{"start":{"line":16,"column":4},"end":{"line":16,"column":34}},"9":{"start":{"line":17,"column":4},"end":{"line":17,"column":73}},"10":{"start":{"line":20,"column":2},"end":{"line":37,"column":4}},"11":{"start":{"line":40,"column":0},"end":{"line":40,"column":24}}},"fnMap":{"0":{"name":"(anonymous_1)","decl":{"start":{"line":10,"column":42},"end":{"line":10,"column":43}},"loc":{"start":{"line":10,"column":61},"end":{"line":38,"column":1}}},"1":{"name":"(anonymous_2)","decl":{"start":{"line":15,"column":33},"end":{"line":15,"column":36}},"loc":{"start":{"line":15,"column":38},"end":{"line":18,"column":3}}}},"branchMap":{"0":{"loc":{"start":{"line":23,"column":24},"end":{"line":23,"column":50}},"type":"cond-expr","locations":[{"start":{"line":23,"column":36},"end":{"line":23,"column":41}},{"start":{"line":23,"column":44},"end":{"line":23,"column":50}}]},"1":{"loc":{"start":{"line":28,"column":7},"end":{"line":34,"column":null}},"type":"binary-expr","locations":[{"start":{"line":28,"column":7},"end":{"line":28,"column":16}},{"start":{"line":29,"column":8},"end":{"line":33,"column":null}}]}},"s":{"0":1,"1":1,"2":1,"3":1,"4":3,"5":3,"6":3,"7":3,"8":0,"9":0,"10":3,"11":1},"f":{"0":3,"1":0},"b":{"0":[0,3],"1":[3,0]}}
,"/Users/alexandr_prokopovich/Library/Mobile Documents/com~apple~CloudDocs/Documents/git/React/RS_School_React/src/components/NotFound.tsx": {"path":"/Users/alexandr_prokopovich/Library/Mobile Documents/com~apple~CloudDocs/Documents/git/React/RS_School_React/src/components/NotFound.tsx","statementMap":{"0":{"start":{"line":3,"column":27},"end":{"line":10,"column":1}},"1":{"start":{"line":4,"column":2},"end":{"line":9,"column":4}},"2":{"start":{"line":12,"column":0},"end":{"line":12,"column":24}}},"fnMap":{"0":{"name":"(anonymous_0)","decl":{"start":{"line":3,"column":27},"end":{"line":3,"column":30}},"loc":{"start":{"line":3,"column":32},"end":{"line":10,"column":1}}}},"branchMap":{},"s":{"0":1,"1":0,"2":1},"f":{"0":0},"b":{}}
,"/Users/alexandr_prokopovich/Library/Mobile Documents/com~apple~CloudDocs/Documents/git/React/RS_School_React/src/components/Pagination.tsx": {"path":"/Users/alexandr_prokopovich/Library/Mobile Documents/com~apple~CloudDocs/Documents/git/React/RS_School_React/src/components/Pagination.tsx","statementMap":{"0":{"start":{"line":2,"column":0},"end":{"line":2,"column":26}},"1":{"start":{"line":10,"column":46},"end":{"line":63,"column":1}},"2":{"start":{"line":15,"column":27},"end":{"line":17,"column":3}},"3":{"start":{"line":16,"column":4},"end":{"line":16,"column":23}},"4":{"start":{"line":19,"column":25},"end":{"line":36,"column":3}},"5":{"start":{"line":20,"column":24},"end":{"line":20,"column":26}},"6":{"start":{"line":21,"column":20},"end":{"line":21,"column":48}},"7":{"start":{"line":22,"column":18},"end":{"line":22,"column":55}},"8":{"start":{"line":24,"column":4},"end":{"line":26,"column":5}},"9":{"start":{"line":25,"column":6},"end":{"line":25,"column":40}},"10":{"start":{"line":27,"column":4},"end":{"line":29,"column":5}},"11":{"start":{"line":28,"column":6},"end":{"line":28,"column":46}},"12":{"start":{"line":31,"column":4},"end":{"line":33,"column":5}},"13":{"start":{"line":31,"column":17},"end":{"line":31,"column":26}},"14":{"start":{"line":32,"column":6},"end":{"line":32,"column":26}},"15":{"start":{"line":35,"column":4},"end":{"line":35,"column":23}},"16":{"start":{"line":38,"column":2},"end":{"line":62,"column":4}},"17":{"start":{"line":41,"column":23},"end":{"line":41,"column":69}},"18":{"start":{"line":47,"column":8},"end":{"line":48,"column":null}},"19":{"start":{"line":49,"column":25},"end":{"line":49,"column":47}},"20":{"start":{"line":56,"column":23},"end":{"line":56,"column":78}},"21":{"start":{"line":65,"column":0},"end":{"line":65,"column":26}}},"fnMap":{"0":{"name":"(anonymous_0)","decl":{"start":{"line":10,"column":46},"end":{"line":10,"column":47}},"loc":{"start":{"line":14,"column":5},"end":{"line":63,"column":1}}},"1":{"name":"(anonymous_1)","decl":{"start":{"line":15,"column":27},"end":{"line":15,"column":28}},"loc":{"start":{"line":15,"column":44},"end":{"line":17,"column":3}}},"2":{"name":"(anonymous_2)","decl":{"start":{"line":19,"column":25},"end":{"line":19,"column":28}},"loc":{"start":{"line":19,"column":30},"end":{"line":36,"column":3}}},"3":{"name":"(anonymous_3)","decl":{"start":{"line":41,"column":17},"end":{"line":41,"column":20}},"loc":{"start":{"line":41,"column":23},"end":{"line":41,"column":69}}},"4":{"name":"(anonymous_4)","decl":{"start":{"line":46,"column":28},"end":{"line":46,"column":29}},"loc":{"start":{"line":47,"column":8},"end":{"line":48,"column":null}}},"5":{"name":"(anonymous_5)","decl":{"start":{"line":49,"column":19},"end":{"line":49,"column":22}},"loc":{"start":{"line":49,"column":25},"end":{"line":49,"column":47}}},"6":{"name":"(anonymous_6)","decl":{"start":{"line":56,"column":17},"end":{"line":56,"column":20}},"loc":{"start":{"line":56,"column":23},"end":{"line":56,"column":78}}}},"branchMap":{"0":{"loc":{"start":{"line":24,"column":4},"end":{"line":26,"column":5}},"type":"if","locations":[{"start":{"line":24,"column":4},"end":{"line":26,"column":5}}]},"1":{"loc":{"start":{"line":27,"column":4},"end":{"line":29,"column":5}},"type":"if","locations":[{"start":{"line":27,"column":4},"end":{"line":29,"column":5}}]},"2":{"loc":{"start":{"line":50,"column":21},"end":{"line":50,"column":57}},"type":"cond-expr","locations":[{"start":{"line":50,"column":44},"end":{"line":50,"column":52}},{"start":{"line":50,"column":55},"end":{"line":50,"column":57}}]}},"s":{"0":3,"1":3,"2":7,"3":1,"4":7,"5":7,"6":7,"7":7,"8":7,"9":7,"10":7,"11":6,"12":7,"13":7,"14":9,"15":7,"16":7,"17":0,"18":9,"19":1,"20":0,"21":3},"f":{"0":7,"1":1,"2":7,"3":0,"4":9,"5":1,"6":0},"b":{"0":[7],"1":[6],"2":[5,4]}}
,"/Users/alexandr_prokopovich/Library/Mobile Documents/com~apple~CloudDocs/Documents/git/React/RS_School_React/src/components/ResultList.tsx": {"path":"/Users/alexandr_prokopovich/Library/Mobile Documents/com~apple~CloudDocs/Documents/git/React/RS_School_React/src/components/ResultList.tsx","statementMap":{"0":{"start":{"line":1,"column":0},"end":{"line":1,"column":72}},"1":{"start":{"line":6,"column":0},"end":{"line":6,"column":26}},"2":{"start":{"line":7,"column":0},"end":{"line":7,"column":38}},"3":{"start":{"line":8,"column":0},"end":{"line":8,"column":60}},"4":{"start":{"line":14,"column":43},"end":{"line":159,"column":1}},"5":{"start":{"line":15,"column":26},"end":{"line":15,"column":66}},"6":{"start":{"line":16,"column":42},"end":{"line":17,"column":null}},"7":{"start":{"line":19,"column":36},"end":{"line":19,"column":51}},"8":{"start":{"line":20,"column":28},"end":{"line":20,"column":57}},"9":{"start":{"line":21,"column":38},"end":{"line":21,"column":49}},"10":{"start":{"line":22,"column":26},"end":{"line":22,"column":37}},"11":{"start":{"line":23,"column":19},"end":{"line":23,"column":32}},"12":{"start":{"line":24,"column":19},"end":{"line":24,"column":32}},"13":{"start":{"line":26,"column":19},"end":{"line":26,"column":77}},"14":{"start":{"line":27,"column":27},"end":{"line":27,"column":55}},"15":{"start":{"line":29,"column":20},"end":{"line":72,"column":8}},"16":{"start":{"line":30,"column":4},"end":{"line":30,"column":23}},"17":{"start":{"line":31,"column":4},"end":{"line":31,"column":19}},"18":{"start":{"line":32,"column":4},"end":{"line":36,"column":5}},"19":{"start":{"line":33,"column":6},"end":{"line":33,"column":48}},"20":{"start":{"line":34,"column":6},"end":{"line":34,"column":26}},"21":{"start":{"line":35,"column":6},"end":{"line":35,"column":13}},"22":{"start":{"line":38,"column":46},"end":{"line":38,"column":48}},"23":{"start":{"line":39,"column":4},"end":{"line":71,"column":5}},"24":{"start":{"line":40,"column":20},"end":{"line":40,"column":66}},"25":{"start":{"line":41,"column":18},"end":{"line":41,"column":109}},"26":{"start":{"line":42,"column":23},"end":{"line":42,"column":39}},"27":{"start":{"line":43,"column":6},"end":{"line":45,"column":7}},"28":{"start":{"line":44,"column":8},"end":{"line":44,"column":55}},"29":{"start":{"line":46,"column":55},"end":{"line":46,"column":76}},"30":{"start":{"line":48,"column":6},"end":{"line":48,"column":43}},"31":{"start":{"line":50,"column":28},"end":{"line":50,"column":53}},"32":{"start":{"line":51,"column":25},"end":{"line":51,"column":55}},"33":{"start":{"line":53,"column":6},"end":{"line":62,"column":7}},"34":{"start":{"line":53,"column":19},"end":{"line":53,"column":20}},"35":{"start":{"line":54,"column":24},"end":{"line":54,"column":118}},"36":{"start":{"line":55,"column":29},"end":{"line":55,"column":49}},"37":{"start":{"line":56,"column":8},"end":{"line":58,"column":9}},"38":{"start":{"line":57,"column":10},"end":{"line":57,"column":57}},"39":{"start":{"line":60,"column":10},"end":{"line":60,"column":35}},"40":{"start":{"line":61,"column":8},"end":{"line":61,"column":65}},"41":{"start":{"line":64,"column":6},"end":{"line":64,"column":42}},"42":{"start":{"line":65,"column":6},"end":{"line":65,"column":23}},"43":{"start":{"line":66,"column":6},"end":{"line":66,"column":51}},"44":{"start":{"line":68,"column":6},"end":{"line":68,"column":41}},"45":{"start":{"line":70,"column":6},"end":{"line":70,"column":26}},"46":{"start":{"line":74,"column":2},"end":{"line":76,"column":30}},"47":{"start":{"line":75,"column":4},"end":{"line":75,"column":26}},"48":{"start":{"line":78,"column":2},"end":{"line":83,"column":25}},"49":{"start":{"line":79,"column":21},"end":{"line":80,"column":null}},"50":{"start":{"line":80,"column":6},"end":{"line":80,"column":64}},"51":{"start":{"line":82,"column":4},"end":{"line":82,"column":30}},"52":{"start":{"line":85,"column":2},"end":{"line":89,"column":24}},"53":{"start":{"line":86,"column":24},"end":{"line":86,"column":60}},"54":{"start":{"line":87,"column":22},"end":{"line":87,"column":66}},"55":{"start":{"line":88,"column":4},"end":{"line":88,"column":23}},"56":{"start":{"line":91,"column":2},"end":{"line":95,"column":40}},"57":{"start":{"line":92,"column":24},"end":{"line":92,"column":60}},"58":{"start":{"line":93,"column":4},"end":{"line":93,"column":45}},"59":{"start":{"line":94,"column":4},"end":{"line":94,"column":44}},"60":{"start":{"line":97,"column":27},"end":{"line":103,"column":null}},"61":{"start":{"line":99,"column":26},"end":{"line":99,"column":62}},"62":{"start":{"line":100,"column":6},"end":{"line":100,"column":37}},"63":{"start":{"line":101,"column":6},"end":{"line":101,"column":46}},"64":{"start":{"line":106,"column":27},"end":{"line":108,"column":8}},"65":{"start":{"line":107,"column":4},"end":{"line":107,"column":21}},"66":{"start":{"line":110,"column":22},"end":{"line":114,"column":3}},"67":{"start":{"line":111,"column":24},"end":{"line":111,"column":60}},"68":{"start":{"line":112,"column":4},"end":{"line":112,"column":34}},"69":{"start":{"line":113,"column":4},"end":{"line":113,"column":44}},"70":{"start":{"line":116,"column":31},"end":{"line":120,"column":3}},"71":{"start":{"line":117,"column":4},"end":{"line":119,"column":5}},"72":{"start":{"line":118,"column":6},"end":{"line":118,"column":20}},"73":{"start":{"line":122,"column":2},"end":{"line":158,"column":4}},"74":{"start":{"line":139,"column":18},"end":{"line":140,"column":null}},"75":{"start":{"line":142,"column":35},"end":{"line":142,"column":61}},"76":{"start":{"line":161,"column":0},"end":{"line":161,"column":26}}},"fnMap":{"0":{"name":"(anonymous_1)","decl":{"start":{"line":14,"column":43},"end":{"line":14,"column":44}},"loc":{"start":{"line":14,"column":62},"end":{"line":159,"column":1}}},"1":{"name":"(anonymous_2)","decl":{"start":{"line":29,"column":32},"end":{"line":29,"column":37}},"loc":{"start":{"line":29,"column":55},"end":{"line":72,"column":3}}},"2":{"name":"(anonymous_3)","decl":{"start":{"line":74,"column":12},"end":{"line":74,"column":15}},"loc":{"start":{"line":74,"column":17},"end":{"line":76,"column":3}}},"3":{"name":"(anonymous_4)","decl":{"start":{"line":78,"column":12},"end":{"line":78,"column":15}},"loc":{"start":{"line":78,"column":17},"end":{"line":83,"column":3}}},"4":{"name":"(anonymous_5)","decl":{"start":{"line":79,"column":33},"end":{"line":79,"column":34}},"loc":{"start":{"line":80,"column":6},"end":{"line":80,"column":64}}},"5":{"name":"(anonymous_6)","decl":{"start":{"line":85,"column":12},"end":{"line":85,"column":15}},"loc":{"start":{"line":85,"column":17},"end":{"line":89,"column":3}}},"6":{"name":"(anonymous_7)","decl":{"start":{"line":91,"column":12},"end":{"line":91,"column":15}},"loc":{"start":{"line":91,"column":17},"end":{"line":95,"column":3}}},"7":{"name":"(anonymous_8)","decl":{"start":{"line":98,"column":4},"end":{"line":98,"column":5}},"loc":{"start":{"line":98,"column":19},"end":{"line":102,"column":5}}},"8":{"name":"(anonymous_9)","decl":{"start":{"line":106,"column":39},"end":{"line":106,"column":40}},"loc":{"start":{"line":106,"column":59},"end":{"line":108,"column":3}}},"9":{"name":"(anonymous_10)","decl":{"start":{"line":110,"column":22},"end":{"line":110,"column":25}},"loc":{"start":{"line":110,"column":27},"end":{"line":114,"column":3}}},"10":{"name":"(anonymous_11)","decl":{"start":{"line":116,"column":31},"end":{"line":116,"column":32}},"loc":{"start":{"line":116,"column":75},"end":{"line":120,"column":3}}},"11":{"name":"(anonymous_12)","decl":{"start":{"line":138,"column":21},"end":{"line":138,"column":22}},"loc":{"start":{"line":139,"column":18},"end":{"line":140,"column":null}}},"12":{"name":"(anonymous_13)","decl":{"start":{"line":142,"column":29},"end":{"line":142,"column":32}},"loc":{"start":{"line":142,"column":35},"end":{"line":142,"column":61}}}},"branchMap":{"0":{"loc":{"start":{"line":32,"column":4},"end":{"line":36,"column":5}},"type":"if","locations":[{"start":{"line":32,"column":4},"end":{"line":36,"column":5}}]},"1":{"loc":{"start":{"line":33,"column":14},"end":{"line":33,"column":46}},"type":"binary-expr","locations":[{"start":{"line":33,"column":14},"end":{"line":33,"column":40}},{"start":{"line":33,"column":44},"end":{"line":33,"column":46}}]},"2":{"loc":{"start":{"line":40,"column":20},"end":{"line":40,"column":66}},"type":"cond-expr","locations":[{"start":{"line":40,"column":27},"end":{"line":40,"column":61}},{"start":{"line":40,"column":64},"end":{"line":40,"column":66}}]},"3":{"loc":{"start":{"line":43,"column":6},"end":{"line":45,"column":7}},"type":"if","locations":[{"start":{"line":43,"column":6},"end":{"line":45,"column":7}}]},"4":{"loc":{"start":{"line":56,"column":8},"end":{"line":58,"column":9}},"type":"if","locations":[{"start":{"line":56,"column":8},"end":{"line":58,"column":9}}]},"5":{"loc":{"start":{"line":87,"column":31},"end":{"line":87,"column":61}},"type":"binary-expr","locations":[{"start":{"line":87,"column":31},"end":{"line":87,"column":54}},{"start":{"line":87,"column":58},"end":{"line":87,"column":61}}]},"6":{"loc":{"start":{"line":117,"column":4},"end":{"line":119,"column":5}},"type":"if","locations":[{"start":{"line":117,"column":4},"end":{"line":119,"column":5}}]},"7":{"loc":{"start":{"line":124,"column":7},"end":{"line":124,"column":41}},"type":"binary-expr","locations":[{"start":{"line":124,"column":7},"end":{"line":124,"column":16}},{"start":{"line":124,"column":20},"end":{"line":124,"column":41}}]},"8":{"loc":{"start":{"line":125,"column":7},"end":{"line":125,"column":41}},"type":"binary-expr","locations":[{"start":{"line":125,"column":7},"end":{"line":125,"column":12}},{"start":{"line":125,"column":16},"end":{"line":125,"column":41}}]},"9":{"loc":{"start":{"line":126,"column":7},"end":{"line":155,"column":null}},"type":"binary-expr","locations":[{"start":{"line":126,"column":7},"end":{"line":126,"column":17}},{"start":{"line":126,"column":21},"end":{"line":126,"column":27}},{"start":{"line":127,"column":8},"end":{"line":154,"column":null}}]},"10":{"loc":{"start":{"line":128,"column":11},"end":{"line":148,"column":null}},"type":"cond-expr","locations":[{"start":{"line":129,"column":12},"end":{"line":129,"column":39}},{"start":{"line":131,"column":12},"end":{"line":147,"column":null}}]}},"s":{"0":2,"1":2,"2":2,"3":2,"4":2,"5":15,"6":15,"7":15,"8":15,"9":15,"10":15,"11":15,"12":15,"13":15,"14":15,"15":15,"16":4,"17":4,"18":4,"19":0,"20":0,"21":0,"22":4,"23":4,"24":4,"25":4,"26":4,"27":3,"28":0,"29":3,"30":1,"31":1,"32":1,"33":1,"34":1,"35":0,"36":0,"37":0,"38":0,"39":0,"40":0,"41":1,"42":1,"43":1,"44":3,"45":4,"46":15,"47":4,"48":15,"49":5,"50":0,"51":5,"52":15,"53":8,"54":8,"55":8,"56":15,"57":8,"58":8,"59":8,"60":15,"61":0,"62":0,"63":0,"64":15,"65":0,"66":15,"67":0,"68":0,"69":0,"70":15,"71":0,"72":0,"73":15,"74":0,"75":0,"76":2},"f":{"0":15,"1":4,"2":4,"3":5,"4":0,"5":8,"6":8,"7":0,"8":0,"9":0,"10":0,"11":0,"12":0},"b":{"0":[0],"1":[0,0],"2":[3,1],"3":[0],"4":[0],"5":[8,4],"6":[0],"7":[15,8],"8":[15,1],"9":[15,7,6],"10":[6,0]}}
,"/Users/alexandr_prokopovich/Library/Mobile Documents/com~apple~CloudDocs/Documents/git/React/RS_School_React/src/components/SearchBar.tsx": {"path":"/Users/alexandr_prokopovich/Library/Mobile Documents/com~apple~CloudDocs/Documents/git/React/RS_School_React/src/components/SearchBar.tsx","statementMap":{"0":{"start":{"line":1,"column":0},"end":{"line":1,"column":51}},"1":{"start":{"line":2,"column":0},"end":{"line":2,"column":47}},"2":{"start":{"line":8,"column":44},"end":{"line":46,"column":1}},"3":{"start":{"line":9,"column":38},"end":{"line":9,"column":58}},"4":{"start":{"line":10,"column":19},"end":{"line":10,"column":32}},"5":{"start":{"line":12,"column":2},"end":{"line":15,"column":9}},"6":{"start":{"line":13,"column":28},"end":{"line":13,"column":68}},"7":{"start":{"line":14,"column":4},"end":{"line":14,"column":35}},"8":{"start":{"line":17,"column":28},"end":{"line":19,"column":3}},"9":{"start":{"line":18,"column":4},"end":{"line":18,"column":38}},"10":{"start":{"line":21,"column":23},"end":{"line":26,"column":3}},"11":{"start":{"line":22,"column":30},"end":{"line":22,"column":47}},"12":{"start":{"line":23,"column":4},"end":{"line":23,"column":58}},"13":{"start":{"line":24,"column":4},"end":{"line":24,"column":32}},"14":{"start":{"line":25,"column":4},"end":{"line":25,"column":57}},"15":{"start":{"line":27,"column":2},"end":{"line":45,"column":4}},"16":{"start":{"line":48,"column":0},"end":{"line":48,"column":25}}},"fnMap":{"0":{"name":"(anonymous_0)","decl":{"start":{"line":8,"column":44},"end":{"line":8,"column":45}},"loc":{"start":{"line":8,"column":61},"end":{"line":46,"column":1}}},"1":{"name":"(anonymous_1)","decl":{"start":{"line":12,"column":12},"end":{"line":12,"column":15}},"loc":{"start":{"line":12,"column":17},"end":{"line":15,"column":3}}},"2":{"name":"(anonymous_2)","decl":{"start":{"line":17,"column":28},"end":{"line":17,"column":29}},"loc":{"start":{"line":17,"column":75},"end":{"line":19,"column":3}}},"3":{"name":"(anonymous_3)","decl":{"start":{"line":21,"column":23},"end":{"line":21,"column":26}},"loc":{"start":{"line":21,"column":28},"end":{"line":26,"column":3}}}},"branchMap":{"0":{"loc":{"start":{"line":13,"column":28},"end":{"line":13,"column":68}},"type":"binary-expr","locations":[{"start":{"line":13,"column":28},"end":{"line":13,"column":62}},{"start":{"line":13,"column":66},"end":{"line":13,"column":68}}]}},"s":{"0":2,"1":2,"2":2,"3":9,"4":9,"5":9,"6":3,"7":3,"8":9,"9":1,"10":9,"11":1,"12":1,"13":1,"14":1,"15":9,"16":2},"f":{"0":9,"1":3,"2":1,"3":1},"b":{"0":[3,2]}}
,"/Users/alexandr_prokopovich/Library/Mobile Documents/com~apple~CloudDocs/Documents/git/React/RS_School_React/src/components/ThrowErrorButton.tsx": {"path":"/Users/alexandr_prokopovich/Library/Mobile Documents/com~apple~CloudDocs/Documents/git/React/RS_School_React/src/components/ThrowErrorButton.tsx","statementMap":{"0":{"start":{"line":1,"column":0},"end":{"line":1,"column":26}},"1":{"start":{"line":8,"column":2},"end":{"line":16,"column":4}},"2":{"start":{"line":9,"column":4},"end":{"line":15,"column":5}},"3":{"start":{"line":10,"column":6},"end":{"line":10,"column":30}},"4":{"start":{"line":12,"column":6},"end":{"line":14,"column":9}},"5":{"start":{"line":13,"column":8},"end":{"line":13,"column":20}},"6":{"start":{"line":19,"column":4},"end":{"line":19,"column":67}},"7":{"start":{"line":23,"column":0},"end":{"line":23,"column":32}}},"fnMap":{"0":{"name":"(anonymous_1)","decl":{"start":{"line":7,"column":0},"end":{"line":7,"column":6}},"loc":{"start":{"line":7,"column":0},"end":{"line":21,"column":1}}},"1":{"name":"(anonymous_2)","decl":{"start":{"line":8,"column":16},"end":{"line":8,"column":21}},"loc":{"start":{"line":8,"column":27},"end":{"line":16,"column":3}}},"2":{"name":"(anonymous_3)","decl":{"start":{"line":12,"column":20},"end":{"line":12,"column":23}},"loc":{"start":{"line":12,"column":25},"end":{"line":14,"column":7}}},"3":{"name":"(anonymous_4)","decl":{"start":{"line":18,"column":2},"end":{"line":18,"column":8}},"loc":{"start":{"line":18,"column":8},"end":{"line":20,"column":3}}}},"branchMap":{},"s":{"0":1,"1":1,"2":0,"3":0,"4":0,"5":0,"6":1,"7":1},"f":{"0":1,"1":0,"2":0,"3":1},"b":{}}
,"/Users/alexandr_prokopovich/Library/Mobile Documents/com~apple~CloudDocs/Documents/git/React/RS_School_React/src/hooks/useSearchTerm.ts": {"path":"/Users/alexandr_prokopovich/Library/Mobile Documents/com~apple~CloudDocs/Documents/git/React/RS_School_React/src/hooks/useSearchTerm.ts","statementMap":{"0":{"start":{"line":1,"column":0},"end":{"line":1,"column":44}},"1":{"start":{"line":3,"column":22},"end":{"line":13,"column":1}},"2":{"start":{"line":4,"column":38},"end":{"line":6,"column":4}},"3":{"start":{"line":5,"column":4},"end":{"line":5,"column":53}},"4":{"start":{"line":8,"column":2},"end":{"line":10,"column":24}},"5":{"start":{"line":9,"column":4},"end":{"line":9,"column":42}},"6":{"start":{"line":12,"column":2},"end":{"line":12,"column":46}},"7":{"start":{"line":15,"column":0},"end":{"line":15,"column":29}}},"fnMap":{"0":{"name":"(anonymous_0)","decl":{"start":{"line":3,"column":22},"end":{"line":3,"column":23}},"loc":{"start":{"line":3,"column":65},"end":{"line":13,"column":1}}},"1":{"name":"(anonymous_1)","decl":{"start":{"line":4,"column":47},"end":{"line":4,"column":50}},"loc":{"start":{"line":4,"column":52},"end":{"line":6,"column":3}}},"2":{"name":"(anonymous_2)","decl":{"start":{"line":8,"column":12},"end":{"line":8,"column":15}},"loc":{"start":{"line":8,"column":17},"end":{"line":10,"column":3}}}},"branchMap":{"0":{"loc":{"start":{"line":3,"column":36},"end":{"line":3,"column":61}},"type":"default-arg","locations":[{"start":{"line":3,"column":59},"end":{"line":3,"column":61}}]},"1":{"loc":{"start":{"line":5,"column":11},"end":{"line":5,"column":52}},"type":"binary-expr","locations":[{"start":{"line":5,"column":11},"end":{"line":5,"column":36}},{"start":{"line":5,"column":40},"end":{"line":5,"column":52}}]}},"s":{"0":1,"1":1,"2":2,"3":1,"4":1,"5":1,"6":1,"7":1},"f":{"0":2,"1":1,"2":1},"b":{"0":[2],"1":[1,1]}}
}
