TN:
SF:src/App.tsx
FN:12,(anonymous_1)
FN:15,(anonymous_2)
FN:19,(anonymous_3)
FNF:3
FNH:1
FNDA:2,(anonymous_1)
FNDA:0,(anonymous_2)
FNDA:0,(anonymous_3)
DA:2,1
DA:3,1
DA:4,1
DA:5,1
DA:6,1
DA:7,1
DA:8,1
DA:9,1
DA:10,1
DA:12,1
DA:13,2
DA:15,1
DA:16,0
DA:19,1
DA:20,0
DA:23,1
DA:52,1
DA:53,1
LF:18
LH:16
BRF:0
BRH:0
end_of_record
TN:
SF:src/main.tsx
FNF:0
FNH:0
DA:1,0
DA:2,0
DA:3,0
DA:4,0
DA:6,0
LF:5
LH:0
BRF:0
BRH:0
end_of_record
TN:
SF:src/components/Details.tsx
FN:5,(anonymous_0)
FN:16,(anonymous_1)
FN:18,(anonymous_2)
FN:23,(anonymous_3)
FN:57,(anonymous_4)
FN:76,(anonymous_5)
FNF:6
FNH:5
FNDA:8,(anonymous_0)
FNDA:3,(anonymous_1)
FNDA:3,(anonymous_2)
FNDA:3,(anonymous_3)
FNDA:1,(anonymous_4)
FNDA:0,(anonymous_5)
DA:1,2
DA:3,2
DA:5,2
DA:6,8
DA:7,8
DA:8,8
DA:9,8
DA:12,8
DA:13,8
DA:14,8
DA:16,8
DA:17,3
DA:18,3
DA:19,3
DA:20,3
DA:21,3
DA:22,3
DA:23,3
DA:24,3
DA:27,3
DA:28,0
DA:31,3
DA:32,3
DA:33,3
DA:35,0
DA:37,3
DA:41,3
DA:45,8
DA:46,3
DA:48,5
DA:49,0
DA:51,5
DA:52,3
DA:55,2
DA:57,2
DA:58,1
DA:59,1
DA:62,2
DA:77,0
DA:89,2
LF:40
LH:36
BRDA:17,0,0,3
BRDA:27,1,0,0
BRDA:45,2,0,3
BRDA:48,3,0,0
BRDA:51,4,0,3
BRDA:51,5,0,5
BRDA:51,5,1,2
BRDA:66,6,0,2
BRDA:66,6,1,2
BRDA:72,7,0,2
BRDA:72,7,1,2
BRF:11
BRH:9
end_of_record
TN:
SF:src/components/ErrorBoundary.tsx
FN:14,(anonymous_0)
FN:19,(anonymous_1)
FN:23,(anonymous_2)
FN:28,(anonymous_3)
FNF:4
FNH:2
FNDA:2,(anonymous_0)
FNDA:0,(anonymous_1)
FNDA:0,(anonymous_2)
FNDA:1,(anonymous_3)
DA:1,1
DA:15,2
DA:16,1
DA:20,0
DA:24,0
DA:25,0
DA:29,1
DA:30,0
DA:45,1
DA:49,1
LF:10
LH:6
BRDA:29,0,0,0
BRDA:37,1,0,0
BRDA:37,1,1,0
BRF:3
BRH:0
end_of_record
TN:
SF:src/components/MainPage.tsx
FN:10,(anonymous_1)
FN:15,(anonymous_2)
FNF:2
FNH:1
FNDA:3,(anonymous_1)
FNDA:0,(anonymous_2)
DA:2,1
DA:3,1
DA:4,1
DA:10,1
DA:11,3
DA:12,3
DA:13,3
DA:15,3
DA:16,0
DA:17,0
DA:20,3
DA:40,1
LF:12
LH:10
BRDA:23,0,0,0
BRDA:23,0,1,3
BRDA:28,1,0,3
BRDA:28,1,1,0
BRF:4
BRH:2
end_of_record
TN:
SF:src/components/NotFound.tsx
FN:3,(anonymous_0)
FNF:1
FNH:0
FNDA:0,(anonymous_0)
DA:3,1
DA:4,0
DA:12,1
LF:3
LH:2
BRF:0
BRH:0
end_of_record
TN:
SF:src/components/Pagination.tsx
FN:10,(anonymous_0)
FN:15,(anonymous_1)
FN:19,(anonymous_2)
FN:41,(anonymous_3)
FN:46,(anonymous_4)
FN:49,(anonymous_5)
FN:56,(anonymous_6)
FNF:7
FNH:5
FNDA:7,(anonymous_0)
FNDA:1,(anonymous_1)
FNDA:7,(anonymous_2)
FNDA:0,(anonymous_3)
FNDA:9,(anonymous_4)
FNDA:1,(anonymous_5)
FNDA:0,(anonymous_6)
DA:2,3
DA:10,3
DA:15,7
DA:16,1
DA:19,7
DA:20,7
DA:21,7
DA:22,7
DA:24,7
DA:25,7
DA:27,7
DA:28,6
DA:31,7
DA:32,9
DA:35,7
DA:38,7
DA:41,0
DA:47,9
DA:49,1
DA:56,0
DA:65,3
LF:21
LH:19
BRDA:24,0,0,7
BRDA:27,1,0,6
BRDA:50,2,0,5
BRDA:50,2,1,4
BRF:4
BRH:4
end_of_record
TN:
SF:src/components/ResultList.tsx
FN:14,(anonymous_1)
FN:29,(anonymous_2)
FN:74,(anonymous_3)
FN:78,(anonymous_4)
FN:79,(anonymous_5)
FN:85,(anonymous_6)
FN:91,(anonymous_7)
FN:98,(anonymous_8)
FN:106,(anonymous_9)
FN:110,(anonymous_10)
FN:116,(anonymous_11)
FN:138,(anonymous_12)
FN:142,(anonymous_13)
FNF:13
FNH:6
FNDA:15,(anonymous_1)
FNDA:4,(anonymous_2)
FNDA:4,(anonymous_3)
FNDA:5,(anonymous_4)
FNDA:0,(anonymous_5)
FNDA:8,(anonymous_6)
FNDA:8,(anonymous_7)
FNDA:0,(anonymous_8)
FNDA:0,(anonymous_9)
FNDA:0,(anonymous_10)
FNDA:0,(anonymous_11)
FNDA:0,(anonymous_12)
FNDA:0,(anonymous_13)
DA:1,2
DA:6,2
DA:7,2
DA:8,2
DA:14,2
DA:15,15
DA:16,15
DA:19,15
DA:20,15
DA:21,15
DA:22,15
DA:23,15
DA:24,15
DA:26,15
DA:27,15
DA:29,15
DA:30,4
DA:31,4
DA:32,4
DA:33,0
DA:34,0
DA:35,0
DA:38,4
DA:39,4
DA:40,4
DA:41,4
DA:42,4
DA:43,3
DA:44,0
DA:46,3
DA:48,1
DA:50,1
DA:51,1
DA:53,1
DA:54,0
DA:55,0
DA:56,0
DA:57,0
DA:60,0
DA:61,0
DA:64,1
DA:65,1
DA:66,1
DA:68,3
DA:70,4
DA:74,15
DA:75,4
DA:78,15
DA:79,5
DA:80,0
DA:82,5
DA:85,15
DA:86,8
DA:87,8
DA:88,8
DA:91,15
DA:92,8
DA:93,8
DA:94,8
DA:97,15
DA:99,0
DA:100,0
DA:101,0
DA:106,15
DA:107,0
DA:110,15
DA:111,0
DA:112,0
DA:113,0
DA:116,15
DA:117,0
DA:118,0
DA:122,15
DA:139,0
DA:142,0
DA:161,2
LF:76
LH:54
BRDA:32,0,0,0
BRDA:33,1,0,0
BRDA:33,1,1,0
BRDA:40,2,0,3
BRDA:40,2,1,1
BRDA:43,3,0,0
BRDA:56,4,0,0
BRDA:87,5,0,8
BRDA:87,5,1,4
BRDA:117,6,0,0
BRDA:124,7,0,15
BRDA:124,7,1,8
BRDA:125,8,0,15
BRDA:125,8,1,1
BRDA:126,9,0,15
BRDA:126,9,1,7
BRDA:126,9,2,6
BRDA:128,10,0,6
BRDA:128,10,1,0
BRF:19
BRH:12
end_of_record
TN:
SF:src/components/SearchBar.tsx
FN:8,(anonymous_0)
FN:12,(anonymous_1)
FN:17,(anonymous_2)
FN:21,(anonymous_3)
FNF:4
FNH:4
FNDA:9,(anonymous_0)
FNDA:3,(anonymous_1)
FNDA:1,(anonymous_2)
FNDA:1,(anonymous_3)
DA:1,2
DA:2,2
DA:8,2
DA:9,9
DA:10,9
DA:12,9
DA:13,3
DA:14,3
DA:17,9
DA:18,1
DA:21,9
DA:22,1
DA:23,1
DA:24,1
DA:25,1
DA:27,9
DA:48,2
LF:17
LH:17
BRDA:13,0,0,3
BRDA:13,0,1,2
BRF:2
BRH:2
end_of_record
TN:
SF:src/components/ThrowErrorButton.tsx
FN:7,(anonymous_1)
FN:8,(anonymous_2)
FN:12,(anonymous_3)
FN:18,(anonymous_4)
FNF:4
FNH:2
FNDA:1,(anonymous_1)
FNDA:0,(anonymous_2)
FNDA:0,(anonymous_3)
FNDA:1,(anonymous_4)
DA:1,1
DA:8,1
DA:9,0
DA:10,0
DA:12,0
DA:13,0
DA:19,1
DA:23,1
LF:8
LH:4
BRF:0
BRH:0
end_of_record
TN:
SF:src/hooks/useSearchTerm.ts
FN:3,(anonymous_0)
FN:4,(anonymous_1)
FN:8,(anonymous_2)
FNF:3
FNH:3
FNDA:2,(anonymous_0)
FNDA:1,(anonymous_1)
FNDA:1,(anonymous_2)
DA:1,1
DA:3,1
DA:4,2
DA:5,1
DA:8,1
DA:9,1
DA:12,1
DA:15,1
LF:8
LH:8
BRDA:3,0,0,2
BRDA:5,1,0,1
BRDA:5,1,1,1
BRF:3
BRH:3
end_of_record
